[    0.000000] Initializing cgroup subsys cpuset
[    0.000000] Initializing cgroup subsys cpu
[    0.000000] Initializing cgroup subsys cpuacct
[    0.000000] Linux version 4.4.0-210-generic (buildd@lgw01-amd64-009) (gcc version 5.4.0 20160609 (Ubuntu 5.4.0-6ubuntu1~16.04.12) ) #242-Ubuntu SMP Fri Apr 16 09:57:56 UTC 2021 (Ubuntu 4.4.0-210.242-generic 4.4.262)
[    0.000000] Command line: BOOT_IMAGE=/boot/vmlinuz-4.4.0-210-generic root=LABEL=cloudimg-rootfs ro console=tty1 console=ttyS0
[    0.000000] KERNEL supported cpus:
[    0.000000]   Intel GenuineIntel
[    0.000000]   AMD AuthenticAMD
[    0.000000]   Centaur CentaurHauls
[    0.000000] x86/fpu: Legacy x87 FPU detected.
[    0.000000] e820: BIOS-provided physical RAM map:
[    0.000000] BIOS-e820: [mem 0x0000000000000000-0x000000000009fbff] usable
[    0.000000] BIOS-e820: [mem 0x000000000009fc00-0x000000000009ffff] reserved
[    0.000000] BIOS-e820: [mem 0x00000000000f0000-0x00000000000fffff] reserved
[    0.000000] BIOS-e820: [mem 0x0000000000100000-0x000000003ffeffff] usable
[    0.000000] BIOS-e820: [mem 0x000000003fff0000-0x000000003fffffff] ACPI data
[    0.000000] BIOS-e820: [mem 0x00000000fec00000-0x00000000fec00fff] reserved
[    0.000000] BIOS-e820: [mem 0x00000000fee00000-0x00000000fee00fff] reserved
[    0.000000] BIOS-e820: [mem 0x00000000fffc0000-0x00000000ffffffff] reserved
[    0.000000] NX (Execute Disable) protection: active
[    0.000000] SMBIOS 2.5 present.
[    0.000000] Hypervisor detected: KVM
[    0.000000] Kernel/User page tables isolation: disabled
[    0.000000] e820: last_pfn = 0x3fff0 max_arch_pfn = 0x400000000
[    0.000000] MTRR: Disabled
[    0.000000] x86/PAT: MTRRs disabled, skipping PAT initialization too.
[    0.000000] CPU MTRRs all blank - virtualized system.
[    0.000000] x86/PAT: Configuration [0-7]: WB  WT  UC- UC  WB  WT  UC- UC  
[    0.000000] found SMP MP-table at [mem 0x0009fff0-0x0009ffff] mapped at [ffff88000009fff0]
[    0.000000] Scanning 1 areas for low memory corruption
[    0.000000] RAMDISK: [mem 0x362dc000-0x37165fff]
[    0.000000] ACPI: Early table checksum verification disabled
[    0.000000] ACPI: RSDP 0x00000000000E0000 000024 (v02 VBOX  )
[    0.000000] ACPI: XSDT 0x000000003FFF0030 00003C (v01 VBOX   VBOXXSDT 00000001 ASL  00000061)
[    0.000000] ACPI: FACP 0x000000003FFF00F0 0000F4 (v04 VBOX   VBOXFACP 00000001 ASL  00000061)
[    0.000000] ACPI: DSDT 0x000000003FFF0470 002325 (v02 VBOX   VBOXBIOS 00000002 INTL 20100528)
[    0.000000] ACPI: FACS 0x000000003FFF0200 000040
[    0.000000] ACPI: FACS 0x000000003FFF0200 000040
[    0.000000] ACPI: APIC 0x000000003FFF0240 00005C (v02 VBOX   VBOXAPIC 00000001 ASL  00000061)
[    0.000000] ACPI: SSDT 0x000000003FFF02A0 0001CC (v01 VBOX   VBOXCPUT 00000002 INTL 20100528)
[    0.000000] No NUMA configuration found
[    0.000000] Faking a node at [mem 0x0000000000000000-0x000000003ffeffff]
[    0.000000] NODE_DATA(0) allocated [mem 0x3ffeb000-0x3ffeffff]
[    0.000000] kvm-clock: Using msrs 4b564d01 and 4b564d00
[    0.000000] kvm-clock: cpu 0, msr 0:3ffe3001, primary cpu clock
[    0.000000] kvm-clock: using sched offset of 3727056042 cycles
[    0.000000] clocksource: kvm-clock: mask: 0xffffffffffffffff max_cycles: 0x1cd42e4dffb, max_idle_ns: 881590591483 ns
[    0.000000] Zone ranges:
[    0.000000]   DMA      [mem 0x0000000000001000-0x0000000000ffffff]
[    0.000000]   DMA32    [mem 0x0000000001000000-0x000000003ffeffff]
[    0.000000]   Normal   empty
[    0.000000]   Device   empty
[    0.000000] Movable zone start for each node
[    0.000000] Early memory node ranges
[    0.000000]   node   0: [mem 0x0000000000001000-0x000000000009efff]
[    0.000000]   node   0: [mem 0x0000000000100000-0x000000003ffeffff]
[    0.000000] Initmem setup node 0 [mem 0x0000000000001000-0x000000003ffeffff]
[    0.000000] ACPI: PM-Timer IO Port: 0x4008
[    0.000000] IOAPIC[0]: apic_id 2, version 32, address 0xfec00000, GSI 0-23
[    0.000000] ACPI: INT_SRC_OVR (bus 0 bus_irq 0 global_irq 2 dfl dfl)
[    0.000000] ACPI: INT_SRC_OVR (bus 0 bus_irq 9 global_irq 9 low level)
[    0.000000] Using ACPI (MADT) for SMP configuration information
[    0.000000] smpboot: Allowing 2 CPUs, 0 hotplug CPUs
[    0.000000] PM: Registered nosave memory: [mem 0x00000000-0x00000fff]
[    0.000000] PM: Registered nosave memory: [mem 0x0009f000-0x0009ffff]
[    0.000000] PM: Registered nosave memory: [mem 0x000a0000-0x000effff]
[    0.000000] PM: Registered nosave memory: [mem 0x000f0000-0x000fffff]
[    0.000000] e820: [mem 0x40000000-0xfebfffff] available for PCI devices
[    0.000000] Booting paravirtualized kernel on KVM
[    0.000000] clocksource: refined-jiffies: mask: 0xffffffff max_cycles: 0xffffffff, max_idle_ns: 7645519600211568 ns
[    0.000000] setup_percpu: NR_CPUS:512 nr_cpumask_bits:512 nr_cpu_ids:2 nr_node_ids:1
[    0.000000] PERCPU: Embedded 33 pages/cpu @ffff88003fc00000 s95192 r8192 d31784 u1048576
[    0.000000] Built 1 zonelists in Node order, mobility grouping on.  Total pages: 257912
[    0.000000] Policy zone: DMA32
[    0.000000] Kernel command line: BOOT_IMAGE=/boot/vmlinuz-4.4.0-210-generic root=LABEL=cloudimg-rootfs ro console=tty1 console=ttyS0
[    0.000000] PID hash table entries: 4096 (order: 3, 32768 bytes)
[    0.000000] Memory: 997792K/1048120K available (8644K kernel code, 1332K rwdata, 4044K rodata, 1492K init, 1164K bss, 50328K reserved, 0K cma-reserved)
[    0.000000] SLUB: HWalign=64, Order=0-3, MinObjects=0, CPUs=2, Nodes=1
[    0.000000] Hierarchical RCU implementation.
[    0.000000] 	Build-time adjustment of leaf fanout to 64.
[    0.000000] 	RCU restricting CPUs from NR_CPUS=512 to nr_cpu_ids=2.
[    0.000000] RCU: Adjusting geometry for rcu_fanout_leaf=64, nr_cpu_ids=2
[    0.000000] NR_IRQS:33024 nr_irqs:440 16
[    0.000000] Console: colour VGA+ 80x25
[    0.000000] console [tty1] enabled
[    0.000000] console [ttyS0] enabled
[    0.000000] tsc: Detected 2803.198 MHz processor
[    0.706706] Calibrating delay loop (skipped) preset value.. 5606.39 BogoMIPS (lpj=11212792)
[    0.718373] pid_max: default: 32768 minimum: 301
[    0.724258] ACPI: Core revision 20150930
[    0.734314] ACPI: 2 ACPI AML tables successfully acquired and loaded
[    0.743245] Security Framework initialized
[    0.747450] Yama: becoming mindful.
[    0.751955] AppArmor: AppArmor initialized
[    0.756815] Dentry cache hash table entries: 131072 (order: 8, 1048576 bytes)
[    0.770832] Inode-cache hash table entries: 65536 (order: 7, 524288 bytes)
[    0.784434] Mount-cache hash table entries: 2048 (order: 2, 16384 bytes)
[    0.791819] Mountpoint-cache hash table entries: 2048 (order: 2, 16384 bytes)
[    0.804788] Initializing cgroup subsys io
[    0.811471] Initializing cgroup subsys memory
[    0.818284] Initializing cgroup subsys devices
[    0.826188] Initializing cgroup subsys freezer
[    0.830694] Initializing cgroup subsys net_cls
[    0.835350] Initializing cgroup subsys perf_event
[    0.842622] Initializing cgroup subsys net_prio
[    0.847349] Initializing cgroup subsys hugetlb
[    0.855818] Initializing cgroup subsys pids
[    0.861422] mce: CPU supports 0 MCE banks
[    0.867967] Last level iTLB entries: 4KB 0, 2MB 0, 4MB 0
[    0.877468] Last level dTLB entries: 4KB 0, 2MB 0, 4MB 0, 1GB 0
[    0.885339] Spectre V1 : Mitigation: usercopy/swapgs barriers and __user pointer sanitization
[    0.896568] Spectre V2 : Mitigation: Enhanced IBRS
[    0.904383] Spectre V2 : Spectre v2 / SpectreRSB mitigation: Filling RSB on context switch
[    0.916808] Speculative Store Bypass: Vulnerable
[    0.967043] Freeing SMP alternatives memory: 36K
[    1.065429] ftrace: allocating 32380 entries in 127 pages
[    1.637580] smpboot: APIC(0) Converting physical 0 to logical package 0
[    1.645979] smpboot: Max logical packages: 1
[    1.670066] ..TIMER: vector=0x30 apic1=0 pin1=2 apic2=-1 pin2=-1
[    1.785349] smpboot: CPU0: 11th Gen Intel(R) Core(TM) i7-1165G7 @ 2.80GHz (family: 0x6, model: 0x8c, stepping: 0x1)
[    1.795043] Performance Events: unsupported p6 CPU model 140 no PMU driver, software events only.
[    1.875172] KVM setup paravirtual spinlock
[    1.882252] x86: Booting SMP configuration:
[    1.886566] .... node  #0, CPUs:      #1
[    1.891176] kvm-clock: cpu 1, msr 0:3ffe3041, secondary cpu clock
[    1.895622] mce: CPU supports 0 MCE banks
[    1.899150] TSC synchronization [CPU#0 -> CPU#1]:
[    1.902792] Measured 56918 cycles TSC warp between CPUs, turning off TSC clock.
[    1.908166] tsc: Marking TSC unstable due to check_tsc_sync_source failed
[    0.493705] x86: Booted up 1 node, 2 CPUs
[    0.496014] smpboot: Total of 2 processors activated (11212.79 BogoMIPS)
[    0.505565] devtmpfs: initialized
[    0.509176] evm: security.selinux
[    0.512011] evm: security.SMACK64
[    0.516006] evm: security.SMACK64EXEC
[    0.520004] evm: security.SMACK64TRANSMUTE
[    0.524116] evm: security.SMACK64MMAP
[    0.532010] evm: security.ima
[    0.536006] evm: security.capability
[    0.540605] clocksource: jiffies: mask: 0xffffffff max_cycles: 0xffffffff, max_idle_ns: 7645041785100000 ns
[    0.544018] futex hash table entries: 512 (order: 3, 32768 bytes)
[    0.548428] pinctrl core: initialized pinctrl subsystem
[    0.552391] RTC time: 11:52:55, date: 05/10/23
[    0.557712] NET: Registered protocol family 16
[    0.572009] cpuidle: using governor ladder
[    0.588016] cpuidle: using governor menu
[    0.592238] PCCT header not found.
[    0.596128] ACPI: bus type PCI registered
[    0.600019] acpiphp: ACPI Hot Plug PCI Controller Driver version: 0.5
[    0.604390] PCI: Using configuration type 1 for base access
[    0.624443] ACPI: Added _OSI(Module Device)
[    0.628009] ACPI: Added _OSI(Processor Device)
[    0.632009] ACPI: Added _OSI(3.0 _SCP Extensions)
[    0.636004] ACPI: Added _OSI(Processor Aggregator Device)
[    0.644008] ACPI: Executed 1 blocks of module-level executable AML code
[    0.652712] ACPI: Interpreter enabled
[    0.655521] ACPI: (supports S0 S5)
[    0.656004] ACPI: Using IOAPIC for interrupt routing
[    0.660248] PCI: Using host bridge windows from ACPI; if necessary, use "pci=nocrs" and report a bug
[    0.671016] ACPI: PCI Root Bridge [PCI0] (domain 0000 [bus 00-ff])
[    0.672014] acpi PNP0A03:00: _OSC: OS supports [ASPM ClockPM Segments MSI]
[    0.680125] acpi PNP0A03:00: _OSC: not requesting OS control; OS requires [ExtendedConfig ASPM ClockPM MSI]
[    0.684020] acpi PNP0A03:00: fail to add MMCONFIG information, can't access extended PCI configuration space under this bridge.
[    0.688616] PCI host bridge to bus 0000:00
[    0.692005] pci_bus 0000:00: root bus resource [io  0x0000-0x0cf7 window]
[    0.696007] pci_bus 0000:00: root bus resource [io  0x0d00-0xffff window]
[    0.700020] pci_bus 0000:00: root bus resource [mem 0x000a0000-0x000bffff window]
[    0.704010] pci_bus 0000:00: root bus resource [mem 0x40000000-0xfdffffff window]
[    0.708009] pci_bus 0000:00: root bus resource [bus 00-ff]
[    0.720191] pci 0000:00:01.1: legacy IDE quirk: reg 0x10: [io  0x01f0-0x01f7]
[    0.724003] pci 0000:00:01.1: legacy IDE quirk: reg 0x14: [io  0x03f6]
[    0.728002] pci 0000:00:01.1: legacy IDE quirk: reg 0x18: [io  0x0170-0x0177]
[    0.732004] pci 0000:00:01.1: legacy IDE quirk: reg 0x1c: [io  0x0376]
[    0.757508] pci 0000:00:07.0: quirk: [io  0x4000-0x403f] claimed by PIIX4 ACPI
[    0.760035] pci 0000:00:07.0: quirk: [io  0x4100-0x410f] claimed by PIIX4 SMB
[    0.776019] ACPI: PCI Interrupt Link [LNKA] (IRQs 5 9 10 *11)
[    0.781453] ACPI: PCI Interrupt Link [LNKB] (IRQs 5 9 *10 11)
[    0.788183] ACPI: PCI Interrupt Link [LNKC] (IRQs 5 *9 10 11)
[    0.796205] ACPI: PCI Interrupt Link [LNKD] (IRQs 5 9 10 *11)
[    0.805871] ACPI: Enabled 2 GPEs in block 00 to 07
[    0.812053] vgaarb: setting as boot device: PCI:0000:00:02.0
[    0.816000] vgaarb: device added: PCI:0000:00:02.0,decodes=io+mem,owns=io+mem,locks=none
[    0.816009] vgaarb: loaded
[    0.820005] vgaarb: bridge control possible 0000:00:02.0
[    0.824501] SCSI subsystem initialized
[    0.828275] ACPI: bus type USB registered
[    0.832022] usbcore: registered new interface driver usbfs
[    0.836039] usbcore: registered new interface driver hub
[    0.840030] usbcore: registered new device driver usb
[    0.844416] PCI: Using ACPI for IRQ routing
[    0.848627] NetLabel: Initializing
[    0.852002] NetLabel:  domain hash size = 128
[    0.856003] NetLabel:  protocols = UNLABELED CIPSOv4
[    0.860026] NetLabel:  unlabeled traffic allowed by default
[    0.864250] amd_nb: Cannot enumerate AMD northbridges
[    0.868278] clocksource: Switched to clocksource kvm-clock
[    0.895805] AppArmor: AppArmor Filesystem Enabled
[    0.895805] pnp: PnP ACPI init
[    0.895805] pnp: PnP ACPI: found 3 devices
[    0.967216] clocksource: acpi_pm: mask: 0xffffff max_cycles: 0xffffff, max_idle_ns: 2085701024 ns
[    0.968583] NET: Registered protocol family 2
[    0.982035] TCP established hash table entries: 8192 (order: 4, 65536 bytes)
[    0.989694] TCP bind hash table entries: 8192 (order: 5, 131072 bytes)
[    0.993208] TCP: Hash tables configured (established 8192 bind 8192)
[    0.993208] UDP hash table entries: 512 (order: 2, 16384 bytes)
[    0.993208] UDP-Lite hash table entries: 512 (order: 2, 16384 bytes)
[    0.993208] NET: Registered protocol family 1
[    0.993208] pci 0000:00:00.0: Limiting direct PCI/PCI transfers
[    0.993208] pci 0000:00:01.0: Activating ISA DMA hang workarounds
[    0.993208] Unpacking initramfs...
[    0.993208] Freeing initrd memory: 14888K
[    0.993208] clocksource: tsc: mask: 0xffffffffffffffff max_cycles: 0x28680e0a5c3, max_idle_ns: 440795346756 ns
[    0.993208] platform rtc_cmos: registered platform RTC device (no PNP device found)
[    0.993208] Scanning for low memory corruption every 60 seconds
[    1.398672] audit: initializing netlink subsys (disabled)
[    1.402578] audit: type=2000 audit(1683719580.733:1): initialized
[    1.408361] Initialise system trusted keyring
[    1.413111] HugeTLB registered 2 MB page size, pre-allocated 0 pages
[    1.419665] zbud: loaded
[    1.422627] VFS: Disk quotas dquot_6.6.0
[    1.425524] VFS: Dquot-cache hash table entries: 512 (order 0, 4096 bytes)
[    1.430782] squashfs: version 4.0 (2009/01/31) Phillip Lougher
[    1.438478] fuse init (API version 7.23)
[    1.442211] Key type big_key registered
[    1.445354] Allocating IMA MOK and blacklist keyrings.
[    1.460727] Key type asymmetric registered
[    1.463406] Asymmetric key parser 'x509' registered
[    1.466742] Block layer SCSI generic (bsg) driver version 0.4 loaded (major 249)
[    1.473895] io scheduler noop registered
[    1.477291] io scheduler deadline registered (default)
[    1.481593] io scheduler cfq registered
[    1.484660] pci_hotplug: PCI Hot Plug PCI Core version: 0.5
[    1.489158] pciehp: PCI Express Hot Plug Controller Driver version: 0.4
[    1.494681] ACPI: AC Adapter [AC] (on-line)
[    1.498077] input: Power Button as /devices/LNXSYSTM:00/LNXPWRBN:00/input/input0
[    1.503528] ACPI: Power Button [PWRF]
[    1.506864] input: Sleep Button as /devices/LNXSYSTM:00/LNXSLPBN:00/input/input1
[    1.512414] ACPI: Sleep Button [SLPF]
[    1.516223] GHES: HEST is not enabled!
[    1.517247] ACPI: Battery Slot [BAT0] (battery present)
[    1.524104] Serial: 8250/16550 driver, 32 ports, IRQ sharing enabled
[    1.555650] 00:02: ttyS0 at I/O 0x3f8 (irq = 4, base_baud = 115200) is a 16550A
[    1.585139] Linux agpgart interface v0.103
[    1.602758] loop: module loaded
[    1.610571] scsi host0: ata_piix
[    1.621765] scsi host1: ata_piix
[    1.626709] ata1: PATA max UDMA/33 cmd 0x1f0 ctl 0x3f6 bmdma 0xd000 irq 14
[    1.630435] ata2: PATA max UDMA/33 cmd 0x170 ctl 0x376 bmdma 0xd008 irq 15
[    1.640375] libphy: Fixed MDIO Bus: probed
[    1.643694] tun: Universal TUN/TAP device driver, 1.6
[    1.644090] tun: (C) 1999-2004 Max Krasnyansky <maxk@qualcomm.com>
[    1.652554] PPP generic driver version 2.4.2
[    1.656617] ehci_hcd: USB 2.0 'Enhanced' Host Controller (EHCI) Driver
[    1.661913] ehci-pci: EHCI PCI platform driver
[    1.666281] ehci-platform: EHCI generic platform driver
[    1.670270] ohci_hcd: USB 1.1 'Open' Host Controller (OHCI) Driver
[    1.674706] ohci-pci: OHCI PCI platform driver
[    1.677839] ohci-platform: OHCI generic platform driver
[    1.681435] uhci_hcd: USB Universal Host Controller Interface driver
[    1.685952] i8042: PNP: PS/2 Controller [PNP0303:PS2K,PNP0f03:PS2M] at 0x60,0x64 irq 1,12
[    1.694911] serio: i8042 KBD port at 0x60,0x64 irq 1
[    1.699641] serio: i8042 AUX port at 0x60,0x64 irq 12
[    1.705579] mousedev: PS/2 mouse device common for all mice
[    1.713113] rtc_cmos rtc_cmos: rtc core: registered rtc_cmos as rtc0
[    1.718654] rtc_cmos rtc_cmos: alarms up to one day, 114 bytes nvram
[    1.723400] input: AT Translated Set 2 keyboard as /devices/platform/i8042/serio0/input/input2
[    1.730027] i2c /dev entries driver
[    1.733586] device-mapper: uevent: version 1.0.3
[    1.738442] device-mapper: ioctl: 4.34.0-ioctl (2015-10-28) initialised: dm-devel@redhat.com
[    1.746972] ledtrig-cpu: registered to indicate activity on CPUs
[    1.755515] NET: Registered protocol family 10
[    1.759972] NET: Registered protocol family 17
[    1.763324] Key type dns_resolver registered
[    1.768382] registered taskstats version 1
[    1.772236] Loading compiled-in X.509 certificates
[    1.781238] Loaded X.509 cert 'Build time autogenerated kernel key: cf00e047681d67edb2720680708b7d9498083038'
[    1.789182] zswap: loaded using pool lzo/zbud
[    1.857107] Key type trusted registered
[    1.868924] Key type encrypted registered
[    1.874025] AppArmor: AppArmor sha1 policy hashing enabled
[    1.879678] ima: No TPM chip found, activating TPM-bypass!
[    1.885450] ima: Allocated hash algorithm: sha1
[    1.889196] evm: HMAC attrs: 0x1
[    1.893043]   Magic number: 7:250:883
[    1.896076] rtc_cmos rtc_cmos: setting system clock to 2023-05-10 11:52:57 UTC (1683719577)
[    1.903697] BIOS EDD facility v0.16 2004-Jun-25, 0 devices found
[    1.907804] EDD information not available.
[    1.913165] Freeing unused kernel memory: 1492K
[    1.928128] Write protecting the kernel read-only data: 14336k
[    1.935198] Freeing unused kernel memory: 1584K
[    1.940361] Freeing unused kernel memory: 52K
Loading, please wait...
starting version 229
[    1.967198] random: systemd-udevd: uninitialized urandom read (16 bytes read, 5 bits of entropy available)
[    1.967905] random: udevadm: uninitialized urandom read (16 bytes read, 5 bits of entropy available)
[    1.967918] random: udevadm: uninitialized urandom read (16 bytes read, 5 bits of entropy available)
[    1.976395] random: udevadm: uninitialized urandom read (16 bytes read, 5 bits of entropy available)
[    1.976435] random: udevadm: uninitialized urandom read (16 bytes read, 5 bits of entropy available)
[    1.976555] random: udevadm: uninitialized urandom read (16 bytes read, 5 bits of entropy available)
[    1.976578] random: udevadm: uninitialized urandom read (16 bytes read, 5 bits of entropy available)
[    1.976647] random: udevadm: uninitialized urandom read (16 bytes read, 5 bits of entropy available)
[    1.976688] random: udevadm: uninitialized urandom read (16 bytes read, 5 bits of entropy available)
[    1.976712] random: udevadm: uninitialized urandom read (16 bytes read, 5 bits of entropy available)
[    2.080746] e1000: Intel(R) PRO/1000 Network Driver - version 7.3.21-k8-NAPI
[    2.087272] e1000: Copyright (c) 1999-2006 Intel Corporation.
[    2.102747] Fusion MPT base driver 3.04.20
[    2.108060] Copyright (c) 1999-2008 LSI Corporation
[    2.151018] Fusion MPT SPI Host driver 3.04.20
[    2.432871] input: ImExPS/2 Generic Explorer Mouse as /devices/platform/i8042/serio1/input/input4
[    2.814674] e1000 0000:00:03.0 eth0: (PCI:33MHz:32-bit) 02:be:82:6b:cc:1d
[    2.826921] e1000 0000:00:03.0 eth0: Intel(R) PRO/1000 Network Connection
[    2.837945] mptbase: ioc0: Initiating bringup
[    2.911308] ioc0: LSI53C1030 A0: Capabilities={Initiator}
[    3.102399] scsi host2: ioc0: LSI53C1030 A0, FwRev=00000000h, Ports=1, MaxQ=256, IRQ=20
[    3.225632] scsi 2:0:0:0: Direct-Access     VBOX     HARDDISK         1.0  PQ: 0 ANSI: 5
[    3.234129] scsi target2:0:0: Beginning Domain Validation
[    3.247913] scsi target2:0:0: Domain Validation skipping write tests
[    3.252924] scsi target2:0:0: Ending Domain Validation
[    3.256944] scsi target2:0:0: asynchronous
[    3.264888] scsi 2:0:1:0: Direct-Access     VBOX     HARDDISK         1.0  PQ: 0 ANSI: 5
[    3.275356] scsi target2:0:1: Beginning Domain Validation
[    3.287392] scsi target2:0:1: Domain Validation skipping write tests
[    3.292875] scsi target2:0:1: Ending Domain Validation
[    3.299074] scsi target2:0:1: asynchronous
[    3.319568] sd 2:0:0:0: Attached scsi generic sg0 type 0
[    3.325457] sd 2:0:1:0: Attached scsi generic sg1 type 0
[    3.329583] sd 2:0:0:0: [sda] 83886080 512-byte logical blocks: (42.9 GB/40.0 GiB)
[    3.329631] sd 2:0:1:0: [sdb] 20480 512-byte logical blocks: (10.5 MB/10.0 MiB)
[    3.339996] sd 2:0:0:0: [sda] Write Protect is off
[    3.340502] sd 2:0:1:0: [sdb] Write Protect is off
[    3.340780] sd 2:0:0:0: [sda] Incomplete mode parameter data
[    3.340780] sd 2:0:0:0: [sda] Assuming drive cache: write through
[    3.341530] sd 2:0:1:0: [sdb] Incomplete mode parameter data
[    3.341531] sd 2:0:1:0: [sdb] Assuming drive cache: write through
[    3.391647]  sda: sda1
[    3.398527] sd 2:0:0:0: [sda] Attached SCSI disk
[    3.404962] sd 2:0:1:0: [sdb] Attached SCSI disk
[    3.968336] e1000 0000:00:08.0 eth1: (PCI:33MHz:32-bit) 08:00:27:75:fe:eb
[    3.977024] e1000 0000:00:08.0 eth1: Intel(R) PRO/1000 Network Connection
[    3.992487] e1000 0000:00:03.0 enp0s3: renamed from eth0
[    4.009436] e1000 0000:00:08.0 enp0s8: renamed from eth1
Begin: Loading essential drivers ... [    5.591912] md: linear personality registered for level -1
[    5.601906] md: multipath personality registered for level -4
[    5.609450] md: raid0 personality registered for level 0
[    5.624520] md: raid1 personality registered for level 1
[    5.797278] raid6: sse2x1   gen() 25039 MB/s
[    7.795121] raid6: sse2x1   xor() 131817 MB/s
[    9.791064] raid6: sse2x2   gen() 231825 MB/s
[   10.793254] raid6: sse2x2   xor() 176879 MB/s
[   10.867174] raid6: sse2x4   gen() 11978 MB/s
[   10.941862] raid6: sse2x4   xor()  9692 MB/s
[   10.947462] raid6: using algorithm sse2x2 gen() 231825 MB/s
[   10.953039] raid6: .... xor() 176879 MB/s, rmw enabled
[   10.957651] raid6: using ssse3x2 recovery algorithm
[   10.965738] xor: measuring software checksum speed
[   11.008738]    prefetch64-sse: 17562.000 MB/sec
[   11.052802]    generic_sse: 21014.000 MB/sec
[   11.059008] xor: using function: generic_sse (21014.000 MB/sec)
[   11.066764] async_tx: api initialized (async)
[   11.110863] md: raid6 personality registered for level 6
[   11.116448] md: raid5 personality registered for level 5
[   11.122062] md: raid4 personality registered for level 4
[   11.151559] md: raid10 personality registered for level 10
done.
Begin: Running /scripts/init-premount ... done.
Begin: Mounting root file system ... Begin: Running /scripts/local-top ... done.
Begin: Running /scripts/local-premount ... [   11.236510] Btrfs loaded
Scanning for Btrfs filesystems
done.
Warning: fsck not present, so skipping root file system
[   11.298393] EXT4-fs (sda1): mounted filesystem with ordered data mode. Opts: (null)
done.
Begin: Running /scripts/local-bottom ... done.
Begin: Running /scripts/init-bottom ... done.
[   11.485831] systemd[1]: systemd 229 running in system mode. (+PAM +AUDIT +SELINUX +IMA +APPARMOR +SMACK +SYSVINIT +UTMP +LIBCRYPTSETUP +GCRYPT +GNUTLS +ACL +XZ -LZ4 +SECCOMP +BLKID +ELFUTILS +KMOD -IDN)
[   11.499991] systemd[1]: Detected virtualization oracle.
[   11.504551] systemd[1]: Detected architecture x86-64.

Welcome to [1mUbuntu 16.04.7 LTS[0m!

[   11.517338] systemd[1]: Set hostname to <ubuntu-xenial>.
[   11.696102] systemd[1]: Listening on udev Control Socket.
[[0;32m  OK  [0m] Listening on udev Control Socket.
[   11.708345] systemd[1]: Listening on LVM2 metadata daemon socket.
[[0;32m  OK  [0m] Listening on LVM2 metadata daemon socket.
[   11.722355] systemd[1]: Listening on Device-mapper event daemon FIFOs.
[[0;32m  OK  [0m] Listening on Device-mapper event daemon FIFOs.
[   11.742563] systemd[1]: Listening on /dev/initctl Compatibility Named Pipe.
[[0;32m  OK  [0m] Listening on /dev/initctl Compatibility Named Pipe.
[   11.753034] systemd[1]: Reached target Encrypted Volumes.
[[0;32m  OK  [0m] Reached target Encrypted Volumes.
[   11.763234] systemd[1]: Reached target User and Group Name Lookups.
[[0;32m  OK  [0m] Reached target User and Group Name Lookups.
[   11.771258] systemd[1]: Listening on udev Kernel Socket.
[[0;32m  OK  [0m] Listening on udev Kernel Socket.
[   11.787078] systemd[1]: Listening on Syslog Socket.
[[0;32m  OK  [0m] Listening on Syslog Socket.
[   11.796936] systemd[1]: Listening on Journal Audit Socket.
[[0;32m  OK  [0m] Listening on Journal Audit Socket.
[   11.807332] systemd[1]: Created slice System Slice.
[[0;32m  OK  [0m] Created slice System Slice.
[   11.815692] systemd[1]: Created slice system-serial\x2dgetty.slice.
[[0;32m  OK  [0m] Created slice system-serial\x2dgetty.slice.
[   11.830451] systemd[1]: Created slice User and Session Slice.
[[0;32m  OK  [0m] Created slice User and Session Slice.
[   11.841116] systemd[1]: Reached target Slices.
[[0;32m  OK  [0m] Reached target Slices.
[   11.856378] systemd[1]: Started Trigger resolvconf update for networkd DNS.
[[0;32m  OK  [0m] Started Trigger resolvconf update for networkd DNS.
[   11.872849] systemd[1]: Reached target Swap.
[[0;32m  OK  [0m] Reached target Swap.
[   11.880384] systemd[1]: Reached target System Time Synchronized.
[[0;32m  OK  [0m] Reached target System Time Synchronized.
[   11.891229] systemd[1]: Set up automount Arbitrary Executable File Formats File System Automount Point.
[[0;32m  OK  [0m] Set up automount Arbitrary Executab...ats File System Automount Point.
[   11.903321] systemd[1]: Started Forward Password Requests to Wall Directory Watch.
[[0;32m  OK  [0m] Started Forward Password Requests to Wall Directory Watch.
[   11.915973] systemd[1]: Listening on Journal Socket (/dev/log).
[[0;32m  OK  [0m] Listening on Journal Socket (/dev/log).
[   11.935467] systemd[1]: Listening on Journal Socket.
[[0;32m  OK  [0m] Listening on Journal Socket.
[   11.968912] systemd[1]: Starting Uncomplicated firewall...
         Starting Uncomplicated firewall...
[   11.986172] systemd[1]: Starting Create list of required static device nodes for the current kernel...
         Starting Create list of required st... nodes for the current kernel...
[   12.005179] systemd[1]: Starting Load Kernel Modules...
         Starting Load Kernel Modules...
[   12.020011] systemd[1]: Mounting Huge Pages File System...
         Mounting Huge Pages File System...
[   12.031208] systemd[1]: Starting Nameserver information manager...
[   12.040491] Loading iSCSI transport class v2.0-870.
         Starting Nameserver information manager...
[   12.047729] systemd[1]: Mounting Debug File System...
         Mounting Debug File System...
[   12.068199] systemd[1]: Mounting POSIX Message Queue File System...
[   12.074624] iscsi: registered transport (tcp)
         Mounting POSIX Message Queue File System...
[   12.080749] systemd[1]: Starting Journal Service...
         Starting Journal Service...
[   12.096242] systemd[1]: Starting Set console keymap...
         Starting Set console keymap...
[   12.115561] systemd[1]: Starting Monitoring of LVM2 mirrors, snapshots etc. using dmeventd or progress polling...
         Starting Monitoring of LVM2 mirrors... dmeventd or progress polling...
[   12.139704] systemd[1]: Listening on LVM2 poll daemon socket.
[[0;32m  OK  [0m] Listening on LVM2 poll daemon socket.
[   12.159534] systemd[1]: Listening on fsck to fsckd communication Socket.
[[0;32m  OK  [0m] Listening on fsck to fsckd communication Socket.
[   12.200532] systemd[1]: Starting File System Check on Root Device...
         Starting File System Check on Root Device...
[   12.224388] systemd[1]: Mounted Huge Pages File System.
[[0;32m  OK  [0m] Mounted Huge Pages File System.
[   12.245140] systemd[1]: Mounted POSIX Message Queue File System.
[[0;32m  OK  [0m] Mounted POSIX Message Queue File System.
[   12.266917] systemd[1]: Mounted Debug File System.
[[0;32m  OK  [0m] Mounted Debug File System.
[   12.279144] systemd[1]: Started Journal Service.
[[0;32m  OK  [0m] Started Journal Service.
[   12.290962] iscsi: registered transport (iser)
[[0;32m  OK  [0m] Started Uncomplicated firewall.
[[0;32m  OK  [0m] Started Create list of required sta...ce nodes for the current kernel.
[[0;32m  OK  [0m] Started Load Kernel Modules.
[[0;32m  OK  [0m] Started Set console keymap.
[[0;32m  OK  [0m] Started File System Check on Root Device.
[[0;32m  OK  [0m] Started Nameserver information manager.
[[0;32m  OK  [0m] Started File System Check Daemon to report status.
[[0;32m  OK  [0m] Started LVM2 metadata daemon.
         Starting Remount Root and Kernel File Systems...
         Starting Apply Kernel Variables...
[   12.384303] EXT4-fs (sda1): re-mounted. Opts: (null)
         Mounting FUSE Control File System...
         Starting Create Static Device Nodes in /dev...
[[0;32m  OK  [0m] Mounted FUSE Control File System.
[[0;32m  OK  [0m] Started Remount Root and Kernel File Systems.
         Starting udev Coldplug all Devices...
         Starting Load/Save Random Seed...
         Starting Flush Journal to Persistent Storage...
[[0;32m  OK  [0m] Started Apply Kernel Variables.
[[0;32m  OK  [0m] Started Create Static Device Nodes in /dev.
[[0;32m  OK  [0m] Started Load/Save Random Seed.
         Starting udev Kernel Device Manager...
[[0;32m  OK  [0m] Started Flush Journal to Persistent Storage.
[[0;32m  OK  [0m] Started udev Coldplug all Devices.
[[0;32m  OK  [0m] Started udev Kernel Device Manager.
[[0;32m  OK  [0m] Started Dispatch Password Requests to Console Directory Watch.
[[0;32m  OK  [0m] Started Monitoring of LVM2 mirrors,...ng dmeventd or progress polling.
[[0;32m  OK  [0m] Reached target Local File Systems (Pre).
[[0;32m  OK  [0m] Reached target Local File Systems.
         Starting LSB: AppArmor initialization...
         Starting Tell Plymouth To Write Out Runtime Data...
         Starting Initial cloud-init job (pre-networking)...
         Starting Set console font and keymap...
         Starting Create Volatile Files and Directories...
[[0;32m  OK  [0m] Started Tell Plymouth To Write Out Runtime Data.
[[0;32m  OK  [0m] Found device /dev/ttyS0.
[[0;32m  OK  [0m] Started Create Volatile Files and Directories.
         Starting Update UTMP about System Boot/Shutdown...
[[0;32m  OK  [0m] Started Update UTMP about System Boot/Shutdown.
[[0;32m  OK  [0m] Listening on Load/Save RF Kill Switch Status /dev/rfkill Watch.
[[0;32m  OK  [0m] Started LSB: AppArmor initialization.
         Starting Load AppArmor profiles managed internally by snapd...
[[0;32m  OK  [0m] Started Load AppArmor profiles managed internally by snapd.
[[0;32m  OK  [0m] Found device 82540EM Gigabit Ethern...r (PRO/1000 MT Desktop Adapter).
[   14.309897] cloud-init[480]: Cloud-init v. 21.1-19-gbad84ad4-0ubuntu1~16.04.2 running 'init-local' at Wed, 10 May 2023 11:53:09 +0000. Up 13.85 seconds.
[[0;32m  OK  [0m] Started Initial cloud-init job (pre-networking).
[[0;32m  OK  [0m] Reached target Network (Pre).
         Starting Raise network interfaces...
[[0;32m  OK  [0m] Started ifup for enp0s3.
[[0;32m  OK  [0m] Started Set console font and keymap.
[[0;32m  OK  [0m] Created slice system-getty.slice.
[[0;32m  OK  [0m] Started Raise network interfaces.
[[0;32m  OK  [0m] Reached target Network.
         Starting Initial cloud-init job (metadata service crawler)...
[   15.712804] cloud-init[974]: Cloud-init v. 21.1-19-gbad84ad4-0ubuntu1~16.04.2 running 'init' at Wed, 10 May 2023 11:53:11 +0000. Up 15.46 seconds.
[   15.717785] cloud-init[974]: ci-info: ++++++++++++++++++++++++++++++++++++++Net device info+++++++++++++++++++++++++++++++++++++++
[   15.722322] cloud-init[974]: ci-info: +--------+-------+----------------------------+---------------+--------+-------------------+
[   15.726650] cloud-init[974]: ci-info: | Device |   Up  |          Address           |      Mask     | Scope  |     Hw-Address    |
[   15.731199] cloud-init[974]: ci-info: +--------+-------+----------------------------+---------------+--------+-------------------+
[   15.737950] cloud-init[974]: ci-info: | enp0s3 |  True |         10.0.2.15          | 255.255.255.0 | global | 02:be:82:6b:cc:1d |
[   15.745601] cloud-init[974]: ci-info: | enp0s3 |  True | fe80::be:82ff:fe6b:cc1d/64 |       .       |  link  | 02:be:82:6b:cc:1d |
[   15.750679] cloud-init[974]: ci-info: | enp0s8 | False |             .              |       .       |   .    | 08:00:27:75:fe:eb |
[   15.756483] cloud-init[974]: ci-info: |   lo   |  True |         127.0.0.1          |   255.0.0.0   |  host  |         .         |
[   15.760949] cloud-init[974]: ci-info: |   lo   |  True |          ::1/128           |       .       |  host  |         .         |
[   15.765232] cloud-init[974]: ci-info: +--------+-------+----------------------------+---------------+--------+-------------------+
[   15.769603] cloud-init[974]: ci-info: +++++++++++++++++++++++++++Route IPv4 info++++++++++++++++++++++++++++
[   15.773483] cloud-init[974]: ci-info: +-------+-------------+----------+---------------+-----------+-------+
[   15.777673] cloud-init[974]: ci-info: | Route | Destination | Gateway  |    Genmask    | Interface | Flags |
[   15.795238] cloud-init[974]: ci-info: +-------+-------------+----------+---------------+-----------+-------+
[   15.800002] cloud-init[974]: ci-info: |   0   |   0.0.0.0   | 10.0.2.2 |    0.0.0.0    |   enp0s3  |   UG  |
[   15.804381] cloud-init[974]: ci-info: |   1   |   10.0.2.0  | 0.0.0.0  | 255.255.255.0 |   enp0s3  |   U   |
[   15.813902] cloud-init[974]: ci-info: +-------+-------------+----------+---------------+-----------+-------+
[   15.825023] cloud-init[974]: ci-info: +++++++++++++++++++Route IPv6 info+++++++++++++++++++
[   15.831660] cloud-init[974]: ci-info: +-------+-------------+---------+-----------+-------+
[   15.835427] cloud-init[974]: ci-info: | Route | Destination | Gateway | Interface | Flags |
[   15.839346] cloud-init[974]: ci-info: +-------+-------------+---------+-----------+-------+
[   15.843326] cloud-init[974]: ci-info: |   0   |  fe80::/64  |    ::   |   enp0s3  |   U   |
[   15.847340] cloud-init[974]: ci-info: |   3   |   ff00::/8  |    ::   |   enp0s3  |   U   |
[   15.857400] cloud-init[974]: ci-info: +-------+-------------+---------+-----------+-------+
[[0;32m  OK  [0m] Started Initial cloud-init job (metadata service crawler).
[[0;32m  OK  [0m] Reached target System Initialization.
[[0;32m  OK  [0m] Listening on ACPID Listen Socket.
[[0;32m  OK  [0m] Started Message of the Day.
[[0;32m  OK  [0m] Started Daily apt download activities.
[[0;32m  OK  [0m] Started Daily apt upgrade and clean activities.
         Starting Socket activation for snappy daemon.
         Starting LXD - unix socket.
[[0;32m  OK  [0m] Started ACPI Events Check.
[[0;32m  OK  [0m] Reached target Paths.
[[0;32m  OK  [0m] Listening on UUID daemon activation socket.
[[0;32m  OK  [0m] Listening on D-Bus System Message Bus Socket.
[[0;32m  OK  [0m] Started Ubuntu Advantage Timer for running repeated jobs.
[[0;32m  OK  [0m] Started Daily Cleanup of Temporary Directories.
[[0;32m  OK  [0m] Reached target Timers.
[[0;32m  OK  [0m] Reached target Network is Online.
         Starting iSCSI initiator daemon (iscsid)...
[[0;32m  OK  [0m] Reached target Cloud-config availability.
[[0;32m  OK  [0m] Listening on Socket activation for snappy daemon.
[[0;32m  OK  [0m] Listening on LXD - unix socket.
[[0;32m  OK  [0m] Reached target Sockets.
[[0;32m  OK  [0m] Reached target Basic System.
         Starting /etc/rc.local Compatibility...
         Starting A high performance web server and a reverse proxy server...
         Starting LXD - container startup/shutdown...
         Starting LSB: Record successful boot for GRUB...
         Starting LSB: MD monitoring daemon...
         Starting System Logging Service...
[[0;32m  OK  [0m] Started D-Bus System Message Bus.
         Starting Login Service...
[[0;32m  OK  [0m] Started FUSE filesystem for LXC.
         Starting Virtualbox guest utils...
         Starting Accounts Service...
[[0;32m  OK  [0m] Started ACPI event daemon.
[[0;32m  OK  [0m] Started Regular background program processing daemon.
[[0;32m  OK  [0m] Started Deferred execution scheduler.
         Starting OpenBSD Secure Shell server...
         Starting Snap Daemon...
[[0;32m  OK  [0m] Started System Logging Service.
[[0;32m  OK  [0m] Started iSCSI initiator daemon (iscsid).
[[0;32m  OK  [0m] Started /etc/rc.local Compatibility.
[[0;32m  OK  [0m] Started LXD - container startup/shutdown.
         Starting Login to default iSCSI targets...
[[0;32m  OK  [0m] Started Login Service.
[[0;32m  OK  [0m] Started Unattended Upgrades Shutdown.
[[0;32m  OK  [0m] Started A high performance web server and a reverse proxy server.
[[0;32m  OK  [0m] Started LSB: Record successful boot for GRUB.
[[0;32m  OK  [0m] Started OpenBSD Secure Shell server.
[[0;32m  OK  [0m] Started Login to default iSCSI targets.
[[0;32m  OK  [0m] Started LSB: MD monitoring daemon.
[[0;32m  OK  [0m] Reached target Remote File Systems (Pre).
         Mounting /vagrant...
         Starting Authenticate and Authorize Users to Run Privileged Tasks...
[[0;1;31mFAILED[0m] Failed to mount /vagrant.
See 'systemctl status vagrant.mount' for details.
[[0;1;33mDEPEND[0m] Dependency failed for Remote File Systems.
         Starting LSB: automatic crash report generation...
         Starting Permit User Sessions...
         Starting LSB: Set the CPU Frequency Scaling governor to "ondemand"...
         Starting LSB: daemon to balance interrupts for SMP systems...
[[0;32m  OK  [0m] Started Permit User Sessions.
         Starting Hold until boot process finishes up...
         Starting Terminate Plymouth Boot Screen...
[[0;32m  OK  [0m] Started Hold until boot process finishes up.
[[0;32m  OK  [0m] Started Authenticate and Authorize Users to Run Privileged Tasks.
[[0;32m  OK  [0m] Started Terminate Plymouth Boot Screen.
         Starting Set console scheme...
[[0;32m  OK  [0m] Started Getty on tty1.
[[0;32m  OK  [0m] Started Serial Getty on ttyS0.
[[0;32m  OK  [0m] Reached target Login Prompts.
[[0;32m  OK  [0m] Started Set console scheme.
[[0;32m  OK  [0m] Started Accounts Service.
[[0;32m  OK  [0m] Started LSB: Set the CPU Frequency Scaling governor to "ondemand".
[[0;32m  OK  [0m] Started LSB: daemon to balance interrupts for SMP systems.
[[0;32m  OK  [0m] Started LSB: automatic crash report generation.
[[0;32m  OK  [0m] Started Virtualbox guest utils.
[[0;32m  OK  [0m] Started Snap Daemon.
         Starting Wait until snapd is fully seeded...
[[0;32m  OK  [0m] Started Wait until snapd is fully seeded.
         Starting Apply the settings specified in cloud-config...
[[0;32m  OK  [0m] Created slice User Slice of vagrant.
         Starting User Manager for UID 1000...
[[0;32m  OK  [0m] Started Session 1 of user vagrant.
[[0;32m  OK  [0m] Started User Manager for UID 1000.
[   18.077671] cloud-init[1237]: Cloud-init v. 21.1-19-gbad84ad4-0ubuntu1~16.04.2 running 'modules:config' at Wed, 10 May 2023 11:53:13 +0000. Up 17.64 seconds.
[[0;32m  OK  [0m] Started Apply the settings specified in cloud-config.
         Starting cloud-id shim...
[[0;32m  OK  [0m] Started cloud-id shim.
[[0;32m  OK  [0m] Reached target Multi-User System.
[[0;32m  OK  [0m] Reached target Graphical Interface.
         Starting Update UTMP about System Runlevel Changes...
         Starting Execute cloud user/final scripts...
[[0;32m  OK  [0m] Started Update UTMP about System Runlevel Changes.
[   19.087569] cloud-init[1327]: Cloud-init v. 21.1-19-gbad84ad4-0ubuntu1~16.04.2 running 'modules:final' at Wed, 10 May 2023 11:53:14 +0000. Up 18.95 seconds.
[   19.093561] cloud-init[1327]: Cloud-init v. 21.1-19-gbad84ad4-0ubuntu1~16.04.2 finished at Wed, 10 May 2023 11:53:14 +0000. Datasource DataSourceNoCloud [seed=/dev/sdb][dsmode=net].  Up 19.08 seconds
[[0;32m  OK  [0m] Started Execute cloud user/final scripts.
[[0;32m  OK  [0m] Reached target Cloud-init target.

Ubuntu 16.04.7 LTS ubuntu-xenial ttyS0

ubuntu-xenial login: 